Rasa process starting
Rasa process starting
/usr/local/lib/python3.6/site-packages/rasa_nlu/extractors/entity_synonyms.py:85: UserWarning: Failed to load synonyms file from 'models/current/nlu/entity_synonyms.json'
  "".format(entity_synonyms_file))

Restoring parameters from models/current/nlu/intent_classifier_tensorflow_embedding.ckpt
/usr/local/lib/python3.6/site-packages/pykwalify/core.py:99: UnsafeLoaderWarning: 
The default 'Loader' for 'load(stream)' without further arguments can be unsafe.
Use 'load(stream, Loader=ruamel.yaml.Loader)' explicitly if that is OK.
Alternatively include the following in your code:

  import warnings
  warnings.simplefilter('ignore', ruamel.yaml.error.UnsafeLoaderWarning)

In most other cases you should consider using 'safe_load(stream)'
  data = yaml.load(stream)

Available web server routes: 
static                                             OPTIONS, GET, HEAD             /static/[filename]
custom_webhook_CmdlineInput.health                 OPTIONS, GET, HEAD             /webhooks/rest/
custom_webhook_CmdlineInput.receive                OPTIONS, POST                  /webhooks/rest/webhook
Rasa Core server is up and running on http://localhost:5005
Creating a new tracker for id 'default'.
Received user message 'hi' with intent '{'name': 'greet', 'confidence': 0.9726120233535767}' and entities '[]'
Logged UserUtterance - tracker now has 2 events
Current slot values: 
	hospitals: None
	provider_types_slot: None
	requested_slot: None
	selected_address: None
	selected_id: None
	selected_type_slot: None
	zip: None
Current tracker state [None, None, None, {}, {'prev_action_listen': 1.0, 'intent_greet': 1.0}]
There is a memorised next action '5'
There is no active form
Predicted next action using policy_0_MemoizationPolicy
Predicted next action 'utter_greet' with prob 1.00.
Action 'utter_greet' ended with events '[]'
Bot utterance 'BotUttered(text: Hi. What are you looking for ?, data: {
  "elements": null,
  "buttons": null,
  "attachment": null
})'
Current tracker state [None, None, {}, {'prev_action_listen': 1.0, 'intent_greet': 1.0}, {'prev_utter_greet': 1.0, 'intent_greet': 1.0}]
There is no memorised next action
There is no active form
Predicted next action using policy_0_MemoizationPolicy
Predicted next action 'action_listen' with prob 0.00.
Action 'action_listen' ended with events '[]'
Rasa process starting
/usr/local/lib/python3.6/site-packages/rasa_nlu/extractors/entity_synonyms.py:85: UserWarning: Failed to load synonyms file from 'models/current/nlu/entity_synonyms.json'
  "".format(entity_synonyms_file))

Restoring parameters from models/current/nlu/intent_classifier_tensorflow_embedding.ckpt
/usr/local/lib/python3.6/site-packages/pykwalify/core.py:99: UnsafeLoaderWarning: 
The default 'Loader' for 'load(stream)' without further arguments can be unsafe.
Use 'load(stream, Loader=ruamel.yaml.Loader)' explicitly if that is OK.
Alternatively include the following in your code:

  import warnings
  warnings.simplefilter('ignore', ruamel.yaml.error.UnsafeLoaderWarning)

In most other cases you should consider using 'safe_load(stream)'
  data = yaml.load(stream)

Available web server routes: 
static                                             OPTIONS, HEAD, GET             /static/[filename]
custom_webhook_CmdlineInput.health                 OPTIONS, HEAD, GET             /webhooks/rest/
custom_webhook_CmdlineInput.receive                OPTIONS, POST                  /webhooks/rest/webhook
Rasa Core server is up and running on http://localhost:5005
Creating a new tracker for id 'default'.
Received user message 'hi' with intent '{'name': 'greet', 'confidence': 0.9726120233535767}' and entities '[]'
Logged UserUtterance - tracker now has 2 events
Current slot values: 
	hospitals: None
	provider_types_slot: None
	requested_slot: None
	selected_address: None
	selected_id: None
	selected_type_slot: None
	zip: None
Current tracker state [None, None, None, {}, {'prev_action_listen': 1.0, 'intent_greet': 1.0}]
There is a memorised next action '5'
There is no active form
Current tracker state [None, None, None, None, {}, {'prev_action_listen': 1.0, 'intent_greet': 1.0}]
There is a memorised next action '5'
Predicted next action using policy_0_MemoizationPolicy
Predicted next action 'utter_greet' with prob 1.00.
Action 'utter_greet' ended with events '[]'
Bot utterance 'BotUttered(text: Hi. What are you looking for ?, data: {
  "elements": null,
  "buttons": null,
  "attachment": null
})'
Current tracker state [None, None, {}, {'prev_action_listen': 1.0, 'intent_greet': 1.0}, {'prev_utter_greet': 1.0, 'intent_greet': 1.0}]
There is no memorised next action
There is no active form
Current tracker state [None, None, None, {}, {'prev_action_listen': 1.0, 'intent_greet': 1.0}, {'prev_utter_greet': 1.0, 'intent_greet': 1.0}]
There is no memorised next action
Predicted next action using policy_2_KerasPolicy
Predicted next action 'action_listen' with prob 0.37.
Action 'action_listen' ended with events '[]'
Rasa process starting
/usr/local/lib/python3.6/site-packages/rasa_nlu/extractors/entity_synonyms.py:85: UserWarning: Failed to load synonyms file from 'models/current/nlu/entity_synonyms.json'
  "".format(entity_synonyms_file))

Restoring parameters from models/current/nlu/intent_classifier_tensorflow_embedding.ckpt
/usr/local/lib/python3.6/site-packages/pykwalify/core.py:99: UnsafeLoaderWarning: 
The default 'Loader' for 'load(stream)' without further arguments can be unsafe.
Use 'load(stream, Loader=ruamel.yaml.Loader)' explicitly if that is OK.
Alternatively include the following in your code:

  import warnings
  warnings.simplefilter('ignore', ruamel.yaml.error.UnsafeLoaderWarning)

In most other cases you should consider using 'safe_load(stream)'
  data = yaml.load(stream)

Available web server routes: 
static                                             GET, OPTIONS, HEAD             /static/[filename]
custom_webhook_CmdlineInput.health                 GET, OPTIONS, HEAD             /webhooks/rest/
custom_webhook_CmdlineInput.receive                POST, OPTIONS                  /webhooks/rest/webhook
Rasa Core server is up and running on http://localhost:5005
Creating a new tracker for id 'default'.
Received user message 'hi' with intent '{'name': 'greet', 'confidence': 0.9726120233535767}' and entities '[]'
Logged UserUtterance - tracker now has 2 events
Current slot values: 
	provider_types_slot: None
	requested_slot: None
	selected_address: None
	selected_id: None
	selected_type_slot: None
	zip: None
Current tracker state [None, None, None, {}, {'intent_greet': 1.0, 'prev_action_listen': 1.0}]
There is a memorised next action '8'
There is no active form
Current tracker state [None, None, None, None, {}, {'intent_greet': 1.0, 'prev_action_listen': 1.0}]
There is a memorised next action '8'
Predicted next action using policy_0_MemoizationPolicy
Predicted next action 'utter_greet' with prob 1.00.
Action 'utter_greet' ended with events '[]'
Bot utterance 'BotUttered(text: Hi. What are you looking for ?, data: {
  "elements": null,
  "buttons": null,
  "attachment": null
})'
Current tracker state [None, None, {}, {'intent_greet': 1.0, 'prev_action_listen': 1.0}, {'intent_greet': 1.0, 'prev_utter_greet': 1.0}]
There is a memorised next action '17'
There is no active form
Current tracker state [None, None, None, {}, {'intent_greet': 1.0, 'prev_action_listen': 1.0}, {'intent_greet': 1.0, 'prev_utter_greet': 1.0}]
There is a memorised next action '17'
Predicted next action using policy_0_MemoizationPolicy
Predicted next action 'find_provider_types' with prob 1.00.
Calling action endpoint to run action 'find_provider_types'.
Action 'find_provider_types' ended with events '["SlotSet(key: provider_types_slot, value: [[1, 'HOSPITAL'], [2, 'HOME HEALTH AGENCY'], [3, 'Nursing Home']])"]'
Bot utterance 'BotUttered(text: Hi. What are you looking for ?, data: {
  "elements": null,
  "buttons": [
    {
      "payload": "/inform{\"selected_type_slot\":1}",
      "title": "HOSPITAL"
    },
    {
      "payload": "/inform{\"selected_type_slot\":2}",
      "title": "HOME HEALTH AGENCY"
    },
    {
      "payload": "/inform{\"selected_type_slot\":3}",
      "title": "Nursing Home"
    }
  ],
  "attachment": null
})'
Current tracker state [None, {}, {'intent_greet': 1.0, 'prev_action_listen': 1.0}, {'intent_greet': 1.0, 'prev_utter_greet': 1.0}, {'intent_greet': 1.0, 'prev_find_provider_types': 1.0}]
There is a memorised next action '0'
There is no active form
Current tracker state [None, None, {}, {'intent_greet': 1.0, 'prev_action_listen': 1.0}, {'intent_greet': 1.0, 'prev_utter_greet': 1.0}, {'intent_greet': 1.0, 'prev_find_provider_types': 1.0}]
There is a memorised next action '0'
Predicted next action using policy_0_MemoizationPolicy
Predicted next action 'action_listen' with prob 1.00.
Action 'action_listen' ended with events '[]'
Recreating tracker for id 'default'
Received user message '' with intent '{'name': None, 'confidence': 0.0}' and entities '[]'
Logged UserUtterance - tracker now has 9 events
Current slot values: 
	provider_types_slot: [[1, 'HOSPITAL'], [2, 'HOME HEALTH AGENCY'], [3, 'Nursing Home']]
	requested_slot: None
	selected_address: None
	selected_id: None
	selected_type_slot: None
	zip: None
Current tracker state [{}, {'intent_greet': 1.0, 'prev_action_listen': 1.0}, {'intent_greet': 1.0, 'prev_utter_greet': 1.0}, {'intent_greet': 1.0, 'prev_find_provider_types': 1.0}, {'prev_action_listen': 1.0}]
There is no memorised next action
There is no active form
Current tracker state [None, {}, {'intent_greet': 1.0, 'prev_action_listen': 1.0}, {'intent_greet': 1.0, 'prev_utter_greet': 1.0}, {'intent_greet': 1.0, 'prev_find_provider_types': 1.0}, {'prev_action_listen': 1.0}]
There is no memorised next action
Predicted next action using policy_2_KerasPolicy
Predicted next action 'hospital_form' with prob 0.21.
Calling action endpoint to run action 'hospital_form'.
Action 'hospital_form' ended with events '['Form(hospital_form)', 'SlotSet(key: requested_slot, value: zip)']'
Bot utterance 'BotUttered(text: What's your zip code?, data: {
  "elements": null,
  "buttons": null,
  "attachment": null
})'
Current tracker state [{}, {'intent_greet': 1.0, 'prev_action_listen': 1.0}, {'intent_greet': 1.0, 'prev_utter_greet': 1.0}, {'intent_greet': 1.0, 'prev_find_provider_types': 1.0}, {'prev_action_listen': 1.0}]
There is no memorised next action
There is an active form 'hospital_form'
Current tracker state [None, {}, {'intent_greet': 1.0, 'prev_action_listen': 1.0}, {'intent_greet': 1.0, 'prev_utter_greet': 1.0}, {'intent_greet': 1.0, 'prev_find_provider_types': 1.0}, {'prev_action_listen': 1.0}]
There is no memorised next action
Predicted next action using policy_1_FormPolicy
Predicted next action 'action_listen' with prob 1.00.
Action 'action_listen' ended with events '[]'
Recreating tracker for id 'default'
Received user message '/restart' with intent '{'name': 'restart', 'confidence': 1.0}' and entities '[]'
Logged UserUtterance - tracker now has 15 events
Current slot values: 
	provider_types_slot: [[1, 'HOSPITAL'], [2, 'HOME HEALTH AGENCY'], [3, 'Nursing Home']]
	requested_slot: zip
	selected_address: None
	selected_id: None
	selected_type_slot: None
	zip: None
Predicted next action 'action_restart' with prob 1.00.
Action 'action_restart' ended with events '['Restarted()']'
Predicted next action 'action_listen' with prob 1.00.
Action 'action_listen' ended with events '[]'
Recreating tracker for id 'default'
Received user message 'hi' with intent '{'name': 'greet', 'confidence': 0.9726120233535767}' and entities '[]'
Logged UserUtterance - tracker now has 19 events
Current slot values: 
	provider_types_slot: None
	requested_slot: None
	selected_address: None
	selected_id: None
	selected_type_slot: None
	zip: None
Current tracker state [None, None, None, {}, {'intent_greet': 1.0, 'prev_action_listen': 1.0}]
There is a memorised next action '8'
There is no active form
Current tracker state [None, None, None, None, {}, {'intent_greet': 1.0, 'prev_action_listen': 1.0}]
There is a memorised next action '8'
Predicted next action using policy_0_MemoizationPolicy
Predicted next action 'utter_greet' with prob 1.00.
Action 'utter_greet' ended with events '[]'
Bot utterance 'BotUttered(text: Hi. What are you looking for ?, data: {
  "elements": null,
  "buttons": null,
  "attachment": null
})'
Current tracker state [None, None, {}, {'intent_greet': 1.0, 'prev_action_listen': 1.0}, {'intent_greet': 1.0, 'prev_utter_greet': 1.0}]
There is a memorised next action '17'
There is no active form
Current tracker state [None, None, None, {}, {'intent_greet': 1.0, 'prev_action_listen': 1.0}, {'intent_greet': 1.0, 'prev_utter_greet': 1.0}]
There is a memorised next action '17'
Predicted next action using policy_0_MemoizationPolicy
Predicted next action 'find_provider_types' with prob 1.00.
Calling action endpoint to run action 'find_provider_types'.
Action 'find_provider_types' ended with events '["SlotSet(key: provider_types_slot, value: [[1, 'HOSPITAL'], [2, 'HOME HEALTH AGENCY'], [3, 'Nursing Home']])"]'
Bot utterance 'BotUttered(text: Hi. What are you looking for ?, data: {
  "elements": null,
  "buttons": [
    {
      "payload": "/inform{\"selected_type_slot\":1}",
      "title": "HOSPITAL"
    },
    {
      "payload": "/inform{\"selected_type_slot\":2}",
      "title": "HOME HEALTH AGENCY"
    },
    {
      "payload": "/inform{\"selected_type_slot\":3}",
      "title": "Nursing Home"
    }
  ],
  "attachment": null
})'
Current tracker state [None, {}, {'intent_greet': 1.0, 'prev_action_listen': 1.0}, {'intent_greet': 1.0, 'prev_utter_greet': 1.0}, {'intent_greet': 1.0, 'prev_find_provider_types': 1.0}]
There is a memorised next action '0'
There is no active form
Current tracker state [None, None, {}, {'intent_greet': 1.0, 'prev_action_listen': 1.0}, {'intent_greet': 1.0, 'prev_utter_greet': 1.0}, {'intent_greet': 1.0, 'prev_find_provider_types': 1.0}]
There is a memorised next action '0'
Predicted next action using policy_0_MemoizationPolicy
Predicted next action 'action_listen' with prob 1.00.
Action 'action_listen' ended with events '[]'
Recreating tracker for id 'default'
Received user message '/inform{"selected_type_slot":1}' with intent '{'name': 'inform', 'confidence': 1.0}' and entities '[{'entity': 'selected_type_slot', 'start': 7, 'end': 31, 'value': 1}]'
Logged UserUtterance - tracker now has 27 events
Current slot values: 
	provider_types_slot: [[1, 'HOSPITAL'], [2, 'HOME HEALTH AGENCY'], [3, 'Nursing Home']]
	requested_slot: None
	selected_address: None
	selected_id: None
	selected_type_slot: 1
	zip: None
Current tracker state [{}, {'intent_greet': 1.0, 'prev_action_listen': 1.0}, {'intent_greet': 1.0, 'prev_utter_greet': 1.0}, {'intent_greet': 1.0, 'prev_find_provider_types': 1.0}, {'entity_selected_type_slot': 1.0, 'prev_action_listen': 1.0, 'intent_inform': 1.0}]
There is a memorised next action '20'
There is no active form
Feature 'entity_selected_type_slot' (value: '1.0') could not be found in feature map. Make sure you added all intents and entities to the domain
Current tracker state [None, {}, {'intent_greet': 1.0, 'prev_action_listen': 1.0}, {'intent_greet': 1.0, 'prev_utter_greet': 1.0}, {'intent_greet': 1.0, 'prev_find_provider_types': 1.0}, {'entity_selected_type_slot': 1.0, 'prev_action_listen': 1.0, 'intent_inform': 1.0}]
There is a memorised next action '20'
Predicted next action using policy_0_MemoizationPolicy
Predicted next action 'hospital_form' with prob 1.00.
Calling action endpoint to run action 'hospital_form'.
Action 'hospital_form' ended with events '['Form(hospital_form)', 'SlotSet(key: requested_slot, value: zip)']'
Bot utterance 'BotUttered(text: What's your zip code?, data: {
  "elements": null,
  "buttons": null,
  "attachment": null
})'
Current tracker state [{}, {'intent_greet': 1.0, 'prev_action_listen': 1.0}, {'intent_greet': 1.0, 'prev_utter_greet': 1.0}, {'intent_greet': 1.0, 'prev_find_provider_types': 1.0}, {'entity_selected_type_slot': 1.0, 'prev_action_listen': 1.0, 'intent_inform': 1.0}]
There is a memorised next action '20'
There is an active form 'hospital_form'
Feature 'entity_selected_type_slot' (value: '1.0') could not be found in feature map. Make sure you added all intents and entities to the domain
Current tracker state [None, {}, {'intent_greet': 1.0, 'prev_action_listen': 1.0}, {'intent_greet': 1.0, 'prev_utter_greet': 1.0}, {'intent_greet': 1.0, 'prev_find_provider_types': 1.0}, {'entity_selected_type_slot': 1.0, 'prev_action_listen': 1.0, 'intent_inform': 1.0}]
There is a memorised next action '20'
Predicted next action using policy_1_FormPolicy
Predicted next action 'action_listen' with prob 1.00.
Action 'action_listen' ended with events '[]'
Recreating tracker for id 'default'
Received user message '75098' with intent '{'name': 'inform', 'confidence': 0.9507676362991333}' and entities '[{'start': 0, 'end': 5, 'value': '75098', 'entity': 'number', 'confidence': 0.9921863764176836, 'extractor': 'ner_crf'}]'
Logged UserUtterance - tracker now has 33 events
Current slot values: 
	provider_types_slot: [[1, 'HOSPITAL'], [2, 'HOME HEALTH AGENCY'], [3, 'Nursing Home']]
	requested_slot: zip
	selected_address: None
	selected_id: None
	selected_type_slot: 1
	zip: None
Current tracker state [{}, {'intent_greet': 1.0, 'prev_action_listen': 1.0}, {'intent_greet': 1.0, 'prev_utter_greet': 1.0}, {'intent_greet': 1.0, 'prev_find_provider_types': 1.0}, {'entity_selected_type_slot': 1.0, 'prev_action_listen': 1.0, 'intent_inform': 1.0}]
There is a memorised next action '20'
There is an active form 'hospital_form'
Feature 'entity_selected_type_slot' (value: '1.0') could not be found in feature map. Make sure you added all intents and entities to the domain
Current tracker state [None, {}, {'intent_greet': 1.0, 'prev_action_listen': 1.0}, {'intent_greet': 1.0, 'prev_utter_greet': 1.0}, {'intent_greet': 1.0, 'prev_find_provider_types': 1.0}, {'entity_selected_type_slot': 1.0, 'prev_action_listen': 1.0, 'intent_inform': 1.0}]
There is a memorised next action '20'
Predicted next action using policy_1_FormPolicy
Predicted next action 'hospital_form' with prob 1.00.
Calling action endpoint to run action 'hospital_form'.
Action 'hospital_form' ended with events '['SlotSet(key: zip, value: 75098)', 'Form(None)', 'SlotSet(key: requested_slot, value: None)']'
Current tracker state [{'intent_greet': 1.0, 'prev_action_listen': 1.0}, {'intent_greet': 1.0, 'prev_utter_greet': 1.0}, {'intent_greet': 1.0, 'prev_find_provider_types': 1.0}, {'entity_selected_type_slot': 1.0, 'prev_action_listen': 1.0, 'intent_inform': 1.0}, {'entity_selected_type_slot': 1.0, 'prev_hospital_form': 1.0, 'intent_inform': 1.0}]
There is no memorised next action
There is no active form
Feature 'entity_selected_type_slot' (value: '1.0') could not be found in feature map. Make sure you added all intents and entities to the domain
Feature 'entity_selected_type_slot' (value: '1.0') could not be found in feature map. Make sure you added all intents and entities to the domain
Current tracker state [{}, {'intent_greet': 1.0, 'prev_action_listen': 1.0}, {'intent_greet': 1.0, 'prev_utter_greet': 1.0}, {'intent_greet': 1.0, 'prev_find_provider_types': 1.0}, {'entity_selected_type_slot': 1.0, 'prev_action_listen': 1.0, 'intent_inform': 1.0}, {'entity_selected_type_slot': 1.0, 'prev_hospital_form': 1.0, 'intent_inform': 1.0}]
There is no memorised next action
Predicted next action using policy_2_KerasPolicy
Predicted next action 'hospital_form' with prob 0.27.
Calling action endpoint to run action 'hospital_form'.
Action 'hospital_form' ended with events '['Form(hospital_form)', 'Form(None)', 'SlotSet(key: requested_slot, value: None)']'
Current tracker state [{'intent_greet': 1.0, 'prev_utter_greet': 1.0}, {'intent_greet': 1.0, 'prev_find_provider_types': 1.0}, {'entity_selected_type_slot': 1.0, 'prev_action_listen': 1.0, 'intent_inform': 1.0}, {'entity_selected_type_slot': 1.0, 'prev_hospital_form': 1.0, 'intent_inform': 1.0}, {'entity_selected_type_slot': 1.0, 'prev_hospital_form': 1.0, 'intent_inform': 1.0}]
There is a memorised next action '10'
There is no active form
Feature 'entity_selected_type_slot' (value: '1.0') could not be found in feature map. Make sure you added all intents and entities to the domain
Feature 'entity_selected_type_slot' (value: '1.0') could not be found in feature map. Make sure you added all intents and entities to the domain
Feature 'entity_selected_type_slot' (value: '1.0') could not be found in feature map. Make sure you added all intents and entities to the domain
Current tracker state [{'intent_greet': 1.0, 'prev_action_listen': 1.0}, {'intent_greet': 1.0, 'prev_utter_greet': 1.0}, {'intent_greet': 1.0, 'prev_find_provider_types': 1.0}, {'entity_selected_type_slot': 1.0, 'prev_action_listen': 1.0, 'intent_inform': 1.0}, {'entity_selected_type_slot': 1.0, 'prev_hospital_form': 1.0, 'intent_inform': 1.0}, {'entity_selected_type_slot': 1.0, 'prev_hospital_form': 1.0, 'intent_inform': 1.0}]
There is a memorised next action '10'
Predicted next action using policy_0_MemoizationPolicy
Predicted next action 'utter_ask_zip' with prob 1.00.
Action 'utter_ask_zip' ended with events '[]'
Bot utterance 'BotUttered(text: What's your zip code?, data: {
  "elements": null,
  "buttons": null,
  "attachment": null
})'
Current tracker state [{'intent_greet': 1.0, 'prev_find_provider_types': 1.0}, {'entity_selected_type_slot': 1.0, 'prev_action_listen': 1.0, 'intent_inform': 1.0}, {'entity_selected_type_slot': 1.0, 'prev_hospital_form': 1.0, 'intent_inform': 1.0}, {'entity_selected_type_slot': 1.0, 'prev_hospital_form': 1.0, 'intent_inform': 1.0}, {'entity_selected_type_slot': 1.0, 'prev_utter_ask_zip': 1.0, 'intent_inform': 1.0}]
There is a memorised next action '0'
There is no active form
Feature 'entity_selected_type_slot' (value: '1.0') could not be found in feature map. Make sure you added all intents and entities to the domain
Feature 'entity_selected_type_slot' (value: '1.0') could not be found in feature map. Make sure you added all intents and entities to the domain
Feature 'entity_selected_type_slot' (value: '1.0') could not be found in feature map. Make sure you added all intents and entities to the domain
Feature 'entity_selected_type_slot' (value: '1.0') could not be found in feature map. Make sure you added all intents and entities to the domain
Current tracker state [{'intent_greet': 1.0, 'prev_utter_greet': 1.0}, {'intent_greet': 1.0, 'prev_find_provider_types': 1.0}, {'entity_selected_type_slot': 1.0, 'prev_action_listen': 1.0, 'intent_inform': 1.0}, {'entity_selected_type_slot': 1.0, 'prev_hospital_form': 1.0, 'intent_inform': 1.0}, {'entity_selected_type_slot': 1.0, 'prev_hospital_form': 1.0, 'intent_inform': 1.0}, {'entity_selected_type_slot': 1.0, 'prev_utter_ask_zip': 1.0, 'intent_inform': 1.0}]
There is a memorised next action '0'
Predicted next action using policy_0_MemoizationPolicy
Predicted next action 'action_listen' with prob 1.00.
Action 'action_listen' ended with events '[]'
Recreating tracker for id 'default'
Received user message '75098' with intent '{'name': 'inform', 'confidence': 0.9507676362991333}' and entities '[{'start': 0, 'end': 5, 'value': '75098', 'entity': 'number', 'confidence': 0.9921863764176836, 'extractor': 'ner_crf'}]'
Logged UserUtterance - tracker now has 45 events
Current slot values: 
	provider_types_slot: [[1, 'HOSPITAL'], [2, 'HOME HEALTH AGENCY'], [3, 'Nursing Home']]
	requested_slot: None
	selected_address: None
	selected_id: None
	selected_type_slot: 1
	zip: 75098
Current tracker state [{'entity_selected_type_slot': 1.0, 'prev_action_listen': 1.0, 'intent_inform': 1.0}, {'entity_selected_type_slot': 1.0, 'prev_hospital_form': 1.0, 'intent_inform': 1.0}, {'entity_selected_type_slot': 1.0, 'prev_hospital_form': 1.0, 'intent_inform': 1.0}, {'entity_selected_type_slot': 1.0, 'prev_utter_ask_zip': 1.0, 'intent_inform': 1.0}, {'entity_number': 1.0, 'intent_inform': 1.0, 'prev_action_listen': 1.0}]
There is no memorised next action
There is no active form
Feature 'entity_selected_type_slot' (value: '1.0') could not be found in feature map. Make sure you added all intents and entities to the domain
Feature 'entity_selected_type_slot' (value: '1.0') could not be found in feature map. Make sure you added all intents and entities to the domain
Feature 'entity_selected_type_slot' (value: '1.0') could not be found in feature map. Make sure you added all intents and entities to the domain
Feature 'entity_selected_type_slot' (value: '1.0') could not be found in feature map. Make sure you added all intents and entities to the domain
Current tracker state [{'intent_greet': 1.0, 'prev_find_provider_types': 1.0}, {'entity_selected_type_slot': 1.0, 'prev_action_listen': 1.0, 'intent_inform': 1.0}, {'entity_selected_type_slot': 1.0, 'prev_hospital_form': 1.0, 'intent_inform': 1.0}, {'entity_selected_type_slot': 1.0, 'prev_hospital_form': 1.0, 'intent_inform': 1.0}, {'entity_selected_type_slot': 1.0, 'prev_utter_ask_zip': 1.0, 'intent_inform': 1.0}, {'entity_number': 1.0, 'intent_inform': 1.0, 'prev_action_listen': 1.0}]
There is no memorised next action
Predicted next action using policy_2_KerasPolicy
Predicted next action 'action_listen' with prob 0.22.
Action 'action_listen' ended with events '[]'
Rasa process starting
Restoring parameters from models/current/nlu/intent_classifier_tensorflow_embedding.ckpt
/usr/local/lib/python3.6/site-packages/pykwalify/core.py:99: UnsafeLoaderWarning: 
The default 'Loader' for 'load(stream)' without further arguments can be unsafe.
Use 'load(stream, Loader=ruamel.yaml.Loader)' explicitly if that is OK.
Alternatively include the following in your code:

  import warnings
  warnings.simplefilter('ignore', ruamel.yaml.error.UnsafeLoaderWarning)

In most other cases you should consider using 'safe_load(stream)'
  data = yaml.load(stream)

Available web server routes: 
static                                             OPTIONS, GET, HEAD             /static/[filename]
custom_webhook_CmdlineInput.health                 OPTIONS, GET, HEAD             /webhooks/rest/
custom_webhook_CmdlineInput.receive                POST, OPTIONS                  /webhooks/rest/webhook
Rasa Core server is up and running on http://localhost:5005
Creating a new tracker for id 'default'.
Received user message 'hi i need a hospital my zip code is 77494' with intent '{'name': 'search_provider', 'confidence': 0.9287362098693848}' and entities '[{'start': 12, 'end': 20, 'value': '1', 'entity': 'selected_type_slot', 'confidence': 0.9051109006215191, 'extractor': 'ner_crf', 'processors': ['ner_synonyms']}, {'start': 36, 'end': 41, 'value': '77494', 'entity': 'zip', 'confidence': 0.803952702537196, 'extractor': 'ner_crf'}]'
Logged UserUtterance - tracker now has 4 events
Current slot values: 
	provider_types_slot: None
	requested_slot: None
	selected_address: None
	selected_id: None
	selected_type_slot: 1
	zip: 77494
There is no active form
Feature 'entity_selected_type_slot' (value: '1.0') could not be found in feature map. Make sure you added all intents and entities to the domain
Feature 'entity_zip' (value: '1.0') could not be found in feature map. Make sure you added all intents and entities to the domain
Current tracker state [None, None, None, None, {}, {'intent_search_provider': 1.0, 'entity_selected_type_slot': 1.0, 'prev_action_listen': 1.0, 'entity_zip': 1.0}]
There is a memorised next action '20'
Predicted next action using policy_2_MemoizationPolicy
Predicted next action 'hospital_form' with prob 1.00.
Calling action endpoint to run action 'hospital_form'.
Action 'hospital_form' ended with events '['Form(hospital_form)', 'FollowupAction(action: find_hospital)', 'Form(None)', 'SlotSet(key: requested_slot, value: None)']'
Predicted next action 'find_hospital' with prob 1.00.
Calling action endpoint to run action 'find_hospital'.
Action 'find_hospital' ended with events '[]'
Bot utterance 'BotUttered(text: Here is a list of healthcare providers near you, data: {
  "elements": null,
  "buttons": [
    {
      "payload": "/inform{\"selected_id\":4245}",
      "title": "MEMORIAL HERMANN KATY HOSPITAL"
    }
  ],
  "attachment": null
})'
There is no active form
Feature 'entity_selected_type_slot' (value: '1.0') could not be found in feature map. Make sure you added all intents and entities to the domain
Feature 'entity_zip' (value: '1.0') could not be found in feature map. Make sure you added all intents and entities to the domain
Feature 'entity_selected_type_slot' (value: '1.0') could not be found in feature map. Make sure you added all intents and entities to the domain
Feature 'entity_zip' (value: '1.0') could not be found in feature map. Make sure you added all intents and entities to the domain
Feature 'entity_selected_type_slot' (value: '1.0') could not be found in feature map. Make sure you added all intents and entities to the domain
Feature 'entity_zip' (value: '1.0') could not be found in feature map. Make sure you added all intents and entities to the domain
Current tracker state [None, None, {}, {'intent_search_provider': 1.0, 'entity_selected_type_slot': 1.0, 'prev_action_listen': 1.0, 'entity_zip': 1.0}, {'intent_search_provider': 1.0, 'entity_selected_type_slot': 1.0, 'entity_zip': 1.0, 'prev_hospital_form': 1.0}, {'intent_search_provider': 1.0, 'prev_find_hospital': 1.0, 'entity_selected_type_slot': 1.0, 'entity_zip': 1.0}]
There is a memorised next action '0'
Predicted next action using policy_2_MemoizationPolicy
Predicted next action 'action_listen' with prob 1.00.
Action 'action_listen' ended with events '[]'
Recreating tracker for id 'default'
Received user message '/inform{"selected_id":4245}' with intent '{'name': 'inform', 'confidence': 1.0}' and entities '[{'entity': 'selected_id', 'start': 7, 'end': 27, 'value': 4245}]'
Logged UserUtterance - tracker now has 14 events
Current slot values: 
	provider_types_slot: None
	requested_slot: None
	selected_address: None
	selected_id: 4245
	selected_type_slot: 1
	zip: 77494
There is no active form
Feature 'entity_selected_type_slot' (value: '1.0') could not be found in feature map. Make sure you added all intents and entities to the domain
Feature 'entity_zip' (value: '1.0') could not be found in feature map. Make sure you added all intents and entities to the domain
Feature 'entity_selected_type_slot' (value: '1.0') could not be found in feature map. Make sure you added all intents and entities to the domain
Feature 'entity_zip' (value: '1.0') could not be found in feature map. Make sure you added all intents and entities to the domain
Feature 'entity_selected_type_slot' (value: '1.0') could not be found in feature map. Make sure you added all intents and entities to the domain
Feature 'entity_zip' (value: '1.0') could not be found in feature map. Make sure you added all intents and entities to the domain
Feature 'entity_selected_id' (value: '1.0') could not be found in feature map. Make sure you added all intents and entities to the domain
Current tracker state [None, {}, {'intent_search_provider': 1.0, 'entity_selected_type_slot': 1.0, 'prev_action_listen': 1.0, 'entity_zip': 1.0}, {'intent_search_provider': 1.0, 'entity_selected_type_slot': 1.0, 'entity_zip': 1.0, 'prev_hospital_form': 1.0}, {'intent_search_provider': 1.0, 'prev_find_hospital': 1.0, 'entity_selected_type_slot': 1.0, 'entity_zip': 1.0}, {'entity_selected_id': 1.0, 'intent_inform': 1.0, 'prev_action_listen': 1.0}]
There is a memorised next action '16'
Predicted next action using policy_2_MemoizationPolicy
Predicted next action 'find_healthcare_address' with prob 1.00.
Calling action endpoint to run action 'find_healthcare_address'.
Action 'find_healthcare_address' ended with events '['SlotSet(key: selected_address, value: 23900 KATY FREEWAY, KATY, TX)']'
There is no active form
Feature 'entity_selected_type_slot' (value: '1.0') could not be found in feature map. Make sure you added all intents and entities to the domain
Feature 'entity_zip' (value: '1.0') could not be found in feature map. Make sure you added all intents and entities to the domain
Feature 'entity_selected_type_slot' (value: '1.0') could not be found in feature map. Make sure you added all intents and entities to the domain
Feature 'entity_zip' (value: '1.0') could not be found in feature map. Make sure you added all intents and entities to the domain
Feature 'entity_selected_type_slot' (value: '1.0') could not be found in feature map. Make sure you added all intents and entities to the domain
Feature 'entity_zip' (value: '1.0') could not be found in feature map. Make sure you added all intents and entities to the domain
Feature 'entity_selected_id' (value: '1.0') could not be found in feature map. Make sure you added all intents and entities to the domain
Feature 'entity_selected_id' (value: '1.0') could not be found in feature map. Make sure you added all intents and entities to the domain
Current tracker state [{}, {'intent_search_provider': 1.0, 'entity_selected_type_slot': 1.0, 'prev_action_listen': 1.0, 'entity_zip': 1.0}, {'intent_search_provider': 1.0, 'entity_selected_type_slot': 1.0, 'entity_zip': 1.0, 'prev_hospital_form': 1.0}, {'intent_search_provider': 1.0, 'prev_find_hospital': 1.0, 'entity_selected_type_slot': 1.0, 'entity_zip': 1.0}, {'entity_selected_id': 1.0, 'intent_inform': 1.0, 'prev_action_listen': 1.0}, {'prev_find_healthcare_address': 1.0, 'entity_selected_id': 1.0, 'intent_inform': 1.0}]
There is a memorised next action '18'
Predicted next action using policy_2_MemoizationPolicy
Predicted next action 'utter_address' with prob 1.00.
Action 'utter_address' ended with events '[]'
Bot utterance 'BotUttered(text: The address is 23900 KATY FREEWAY, KATY, TX, data: {
  "elements": null,
  "buttons": null,
  "attachment": null
})'
There is no active form
Feature 'entity_selected_type_slot' (value: '1.0') could not be found in feature map. Make sure you added all intents and entities to the domain
Feature 'entity_zip' (value: '1.0') could not be found in feature map. Make sure you added all intents and entities to the domain
Feature 'entity_selected_type_slot' (value: '1.0') could not be found in feature map. Make sure you added all intents and entities to the domain
Feature 'entity_zip' (value: '1.0') could not be found in feature map. Make sure you added all intents and entities to the domain
Feature 'entity_selected_type_slot' (value: '1.0') could not be found in feature map. Make sure you added all intents and entities to the domain
Feature 'entity_zip' (value: '1.0') could not be found in feature map. Make sure you added all intents and entities to the domain
Feature 'entity_selected_id' (value: '1.0') could not be found in feature map. Make sure you added all intents and entities to the domain
Feature 'entity_selected_id' (value: '1.0') could not be found in feature map. Make sure you added all intents and entities to the domain
Feature 'entity_selected_id' (value: '1.0') could not be found in feature map. Make sure you added all intents and entities to the domain
Current tracker state [{'intent_search_provider': 1.0, 'entity_selected_type_slot': 1.0, 'prev_action_listen': 1.0, 'entity_zip': 1.0}, {'intent_search_provider': 1.0, 'entity_selected_type_slot': 1.0, 'entity_zip': 1.0, 'prev_hospital_form': 1.0}, {'intent_search_provider': 1.0, 'prev_find_hospital': 1.0, 'entity_selected_type_slot': 1.0, 'entity_zip': 1.0}, {'entity_selected_id': 1.0, 'intent_inform': 1.0, 'prev_action_listen': 1.0}, {'prev_find_healthcare_address': 1.0, 'entity_selected_id': 1.0, 'intent_inform': 1.0}, {'prev_utter_address': 1.0, 'entity_selected_id': 1.0, 'intent_inform': 1.0}]
There is a memorised next action '0'
Predicted next action using policy_2_MemoizationPolicy
Predicted next action 'action_listen' with prob 1.00.
Action 'action_listen' ended with events '[]'
Recreating tracker for id 'default'
Received user message 'thanks' with intent '{'name': 'thank', 'confidence': 0.9640786647796631}' and entities '[]'
Logged UserUtterance - tracker now has 20 events
Current slot values: 
	provider_types_slot: None
	requested_slot: None
	selected_address: 23900 KATY FREEWAY, KATY, TX
	selected_id: 4245
	selected_type_slot: 1
	zip: 77494
There is no active form
Feature 'entity_selected_type_slot' (value: '1.0') could not be found in feature map. Make sure you added all intents and entities to the domain
Feature 'entity_zip' (value: '1.0') could not be found in feature map. Make sure you added all intents and entities to the domain
Feature 'entity_selected_type_slot' (value: '1.0') could not be found in feature map. Make sure you added all intents and entities to the domain
Feature 'entity_zip' (value: '1.0') could not be found in feature map. Make sure you added all intents and entities to the domain
Feature 'entity_selected_id' (value: '1.0') could not be found in feature map. Make sure you added all intents and entities to the domain
Feature 'entity_selected_id' (value: '1.0') could not be found in feature map. Make sure you added all intents and entities to the domain
Feature 'entity_selected_id' (value: '1.0') could not be found in feature map. Make sure you added all intents and entities to the domain
Feature 'intent_thank' (value: '1.0') could not be found in feature map. Make sure you added all intents and entities to the domain
Current tracker state [{'intent_search_provider': 1.0, 'entity_selected_type_slot': 1.0, 'entity_zip': 1.0, 'prev_hospital_form': 1.0}, {'intent_search_provider': 1.0, 'prev_find_hospital': 1.0, 'entity_selected_type_slot': 1.0, 'entity_zip': 1.0}, {'entity_selected_id': 1.0, 'intent_inform': 1.0, 'prev_action_listen': 1.0}, {'prev_find_healthcare_address': 1.0, 'entity_selected_id': 1.0, 'intent_inform': 1.0}, {'prev_utter_address': 1.0, 'entity_selected_id': 1.0, 'intent_inform': 1.0}, {'prev_action_listen': 1.0, 'intent_thank': 1.0}]
There is a memorised next action '7'
Predicted next action using policy_2_MemoizationPolicy
Predicted next action 'utter_noworries' with prob 1.00.
Action 'utter_noworries' ended with events '[]'
Bot utterance 'BotUttered(text: My pleasure., data: {
  "elements": null,
  "buttons": null,
  "attachment": null
})'
There is no active form
Feature 'entity_selected_type_slot' (value: '1.0') could not be found in feature map. Make sure you added all intents and entities to the domain
Feature 'entity_zip' (value: '1.0') could not be found in feature map. Make sure you added all intents and entities to the domain
Feature 'entity_selected_id' (value: '1.0') could not be found in feature map. Make sure you added all intents and entities to the domain
Feature 'entity_selected_id' (value: '1.0') could not be found in feature map. Make sure you added all intents and entities to the domain
Feature 'entity_selected_id' (value: '1.0') could not be found in feature map. Make sure you added all intents and entities to the domain
Feature 'intent_thank' (value: '1.0') could not be found in feature map. Make sure you added all intents and entities to the domain
Feature 'intent_thank' (value: '1.0') could not be found in feature map. Make sure you added all intents and entities to the domain
Current tracker state [{'intent_search_provider': 1.0, 'prev_find_hospital': 1.0, 'entity_selected_type_slot': 1.0, 'entity_zip': 1.0}, {'entity_selected_id': 1.0, 'intent_inform': 1.0, 'prev_action_listen': 1.0}, {'prev_find_healthcare_address': 1.0, 'entity_selected_id': 1.0, 'intent_inform': 1.0}, {'prev_utter_address': 1.0, 'entity_selected_id': 1.0, 'intent_inform': 1.0}, {'prev_action_listen': 1.0, 'intent_thank': 1.0}, {'prev_utter_noworries': 1.0, 'intent_thank': 1.0}]
There is a memorised next action '0'
Predicted next action using policy_2_MemoizationPolicy
Predicted next action 'action_listen' with prob 1.00.
Action 'action_listen' ended with events '[]'
Recreating tracker for id 'default'
Received user message '/exit' with intent '{'name': 'exit', 'confidence': 1.0}' and entities '[]'
Logged UserUtterance - tracker now has 24 events
Current slot values: 
	provider_types_slot: None
	requested_slot: None
	selected_address: 23900 KATY FREEWAY, KATY, TX
	selected_id: 4245
	selected_type_slot: 1
	zip: 77494
There is no active form
Feature 'entity_selected_id' (value: '1.0') could not be found in feature map. Make sure you added all intents and entities to the domain
Feature 'entity_selected_id' (value: '1.0') could not be found in feature map. Make sure you added all intents and entities to the domain
Feature 'entity_selected_id' (value: '1.0') could not be found in feature map. Make sure you added all intents and entities to the domain
Feature 'intent_thank' (value: '1.0') could not be found in feature map. Make sure you added all intents and entities to the domain
Feature 'intent_thank' (value: '1.0') could not be found in feature map. Make sure you added all intents and entities to the domain
Feature 'intent_exit' (value: '1.0') could not be found in feature map. Make sure you added all intents and entities to the domain
Current tracker state [{'entity_selected_id': 1.0, 'intent_inform': 1.0, 'prev_action_listen': 1.0}, {'prev_find_healthcare_address': 1.0, 'entity_selected_id': 1.0, 'intent_inform': 1.0}, {'prev_utter_address': 1.0, 'entity_selected_id': 1.0, 'intent_inform': 1.0}, {'prev_action_listen': 1.0, 'intent_thank': 1.0}, {'prev_utter_noworries': 1.0, 'intent_thank': 1.0}, {'intent_exit': 1.0, 'prev_action_listen': 1.0}]
There is no memorised next action
Predicted next action using policy_1_KerasPolicy
Predicted next action 'utter_goodbye' with prob 0.39.
Action 'utter_goodbye' ended with events '[]'
Bot utterance 'BotUttered(text: Talk to you later!, data: {
  "elements": null,
  "buttons": null,
  "attachment": null
})'
There is no active form
Feature 'entity_selected_id' (value: '1.0') could not be found in feature map. Make sure you added all intents and entities to the domain
Feature 'entity_selected_id' (value: '1.0') could not be found in feature map. Make sure you added all intents and entities to the domain
Feature 'intent_thank' (value: '1.0') could not be found in feature map. Make sure you added all intents and entities to the domain
Feature 'intent_thank' (value: '1.0') could not be found in feature map. Make sure you added all intents and entities to the domain
Feature 'intent_exit' (value: '1.0') could not be found in feature map. Make sure you added all intents and entities to the domain
Feature 'intent_exit' (value: '1.0') could not be found in feature map. Make sure you added all intents and entities to the domain
Current tracker state [{'prev_find_healthcare_address': 1.0, 'entity_selected_id': 1.0, 'intent_inform': 1.0}, {'prev_utter_address': 1.0, 'entity_selected_id': 1.0, 'intent_inform': 1.0}, {'prev_action_listen': 1.0, 'intent_thank': 1.0}, {'prev_utter_noworries': 1.0, 'intent_thank': 1.0}, {'intent_exit': 1.0, 'prev_action_listen': 1.0}, {'intent_exit': 1.0, 'prev_utter_goodbye': 1.0}]
There is no memorised next action
Predicted next action using policy_1_KerasPolicy
Predicted next action 'action_listen' with prob 0.98.
Action 'action_listen' ended with events '[]'
